[DEBUG] 2023-05-29 16:47:30.581 [main] InternalLoggerFactory - Using Log4J2 as the default logging framework
[DEBUG] 2023-05-29 16:47:30.588 [main] ResourceLeakDetector - -Dio.netty.leakDetection.level: simple
[DEBUG] 2023-05-29 16:47:30.588 [main] ResourceLeakDetector - -Dio.netty.leakDetection.targetRecords: 4
[DEBUG] 2023-05-29 16:47:30.591 [main] ResourceLeakDetectorFactory - Loaded default ResourceLeakDetector: io.netty.util.ResourceLeakDetector@c00fff0
[DEBUG] 2023-05-29 16:47:30.601 [main] PlatformDependent0 - -Dio.netty.noUnsafe: false
[DEBUG] 2023-05-29 16:47:30.601 [main] PlatformDependent0 - Java version: 20
[DEBUG] 2023-05-29 16:47:30.601 [main] PlatformDependent0 - sun.misc.Unsafe.theUnsafe: available
[DEBUG] 2023-05-29 16:47:30.601 [main] PlatformDependent0 - sun.misc.Unsafe.copyMemory: available
[DEBUG] 2023-05-29 16:47:30.602 [main] PlatformDependent0 - sun.misc.Unsafe.storeFence: available
[DEBUG] 2023-05-29 16:47:30.602 [main] PlatformDependent0 - java.nio.Buffer.address: available
[DEBUG] 2023-05-29 16:47:30.602 [main] PlatformDependent0 - direct buffer constructor: unavailable: Reflective setAccessible(true) disabled
[DEBUG] 2023-05-29 16:47:30.603 [main] PlatformDependent0 - java.nio.Bits.unaligned: available, true
[DEBUG] 2023-05-29 16:47:30.603 [main] PlatformDependent0 - jdk.internal.misc.Unsafe.allocateUninitializedArray(int): unavailable: class io.netty.util.internal.PlatformDependent0$7 cannot access class jdk.internal.misc.Unsafe (in module java.base) because module java.base does not export jdk.internal.misc to unnamed module @21588809
[DEBUG] 2023-05-29 16:47:30.604 [main] PlatformDependent0 - java.nio.DirectByteBuffer.<init>(long, int): unavailable
[DEBUG] 2023-05-29 16:47:30.604 [main] PlatformDependent - sun.misc.Unsafe: available
[DEBUG] 2023-05-29 16:47:30.604 [main] PlatformDependent - maxDirectMemory: 4280287232 bytes (maybe)
[DEBUG] 2023-05-29 16:47:30.604 [main] PlatformDependent - -Dio.netty.tmpdir: C:\Users\imray\AppData\Local\Temp (java.io.tmpdir)
[DEBUG] 2023-05-29 16:47:30.604 [main] PlatformDependent - -Dio.netty.bitMode: 64 (sun.arch.data.model)
[DEBUG] 2023-05-29 16:47:30.605 [main] PlatformDependent - Platform: Windows
[DEBUG] 2023-05-29 16:47:30.605 [main] PlatformDependent - -Dio.netty.maxDirectMemory: -1 bytes
[DEBUG] 2023-05-29 16:47:30.605 [main] PlatformDependent - -Dio.netty.uninitializedArrayAllocationThreshold: -1
[DEBUG] 2023-05-29 16:47:30.605 [main] CleanerJava9 - java.nio.ByteBuffer.cleaner(): available
[DEBUG] 2023-05-29 16:47:30.606 [main] PlatformDependent - -Dio.netty.noPreferDirect: false
[DEBUG] 2023-05-29 16:47:30.609 [main] PlatformDependent - org.jctools-core.MpscChunkedArrayQueue: available
[DEBUG] 2023-05-29 16:47:30.619 [main] InternalThreadLocalMap - -Dio.netty.threadLocalMap.stringBuilder.initialSize: 1024
[DEBUG] 2023-05-29 16:47:30.619 [main] InternalThreadLocalMap - -Dio.netty.threadLocalMap.stringBuilder.maxSize: 4096
[DEBUG] 2023-05-29 16:47:30.701 [main] JdkSslContext - Default protocols (JDK): [TLSv1.3, TLSv1.2] 
[DEBUG] 2023-05-29 16:47:30.702 [main] JdkSslContext - Default cipher suites (JDK): [TLS_ECDHE_ECDSA_WITH_AES_256_GCM_SHA384, TLS_ECDHE_ECDSA_WITH_AES_128_GCM_SHA256, TLS_ECDHE_RSA_WITH_AES_128_GCM_SHA256, TLS_ECDHE_RSA_WITH_AES_256_GCM_SHA384, TLS_ECDHE_RSA_WITH_AES_128_CBC_SHA, TLS_ECDHE_RSA_WITH_AES_256_CBC_SHA, TLS_RSA_WITH_AES_128_GCM_SHA256, TLS_RSA_WITH_AES_128_CBC_SHA, TLS_RSA_WITH_AES_256_CBC_SHA, TLS_AES_128_GCM_SHA256, TLS_AES_256_GCM_SHA384]
[DEBUG] 2023-05-29 16:47:30.710 [main] GlobalEventExecutor - -Dio.netty.globalEventExecutor.quietPeriodSeconds: 1
[DEBUG] 2023-05-29 16:47:30.717 [main] MultithreadEventLoopGroup - -Dio.netty.eventLoopThreads: 32
[DEBUG] 2023-05-29 16:47:30.727 [main] NioEventLoop - -Dio.netty.noKeySetOptimization: false
[DEBUG] 2023-05-29 16:47:30.727 [main] NioEventLoop - -Dio.netty.selectorAutoRebuildThreshold: 512
[DEBUG] 2023-05-29 16:47:30.763 [main] PooledByteBufAllocator - -Dio.netty.allocator.numHeapArenas: 32
[DEBUG] 2023-05-29 16:47:30.763 [main] PooledByteBufAllocator - -Dio.netty.allocator.numDirectArenas: 32
[DEBUG] 2023-05-29 16:47:30.763 [main] PooledByteBufAllocator - -Dio.netty.allocator.pageSize: 8192
[DEBUG] 2023-05-29 16:47:30.763 [main] PooledByteBufAllocator - -Dio.netty.allocator.maxOrder: 9
[DEBUG] 2023-05-29 16:47:30.763 [main] PooledByteBufAllocator - -Dio.netty.allocator.chunkSize: 4194304
[DEBUG] 2023-05-29 16:47:30.763 [main] PooledByteBufAllocator - -Dio.netty.allocator.smallCacheSize: 256
[DEBUG] 2023-05-29 16:47:30.763 [main] PooledByteBufAllocator - -Dio.netty.allocator.normalCacheSize: 64
[DEBUG] 2023-05-29 16:47:30.763 [main] PooledByteBufAllocator - -Dio.netty.allocator.maxCachedBufferCapacity: 32768
[DEBUG] 2023-05-29 16:47:30.763 [main] PooledByteBufAllocator - -Dio.netty.allocator.cacheTrimInterval: 8192
[DEBUG] 2023-05-29 16:47:30.763 [main] PooledByteBufAllocator - -Dio.netty.allocator.cacheTrimIntervalMillis: 0
[DEBUG] 2023-05-29 16:47:30.763 [main] PooledByteBufAllocator - -Dio.netty.allocator.useCacheForAllThreads: false
[DEBUG] 2023-05-29 16:47:30.763 [main] PooledByteBufAllocator - -Dio.netty.allocator.maxCachedByteBuffersPerChunk: 1023
[DEBUG] 2023-05-29 16:47:30.770 [main] ByteBufUtil - -Dio.netty.allocator.type: pooled
[DEBUG] 2023-05-29 16:47:30.770 [main] ByteBufUtil - -Dio.netty.threadLocalDirectBufferSize: 0
[DEBUG] 2023-05-29 16:47:30.770 [main] ByteBufUtil - -Dio.netty.maxThreadLocalCharBufferSize: 16384
[DEBUG] 2023-05-29 16:47:30.933 [Forwarding newSession on session null to remote] DefaultChannelId - -Dio.netty.processId: 20068 (auto-detected)
[DEBUG] 2023-05-29 16:47:30.934 [Forwarding newSession on session null to remote] NetUtil - -Djava.net.preferIPv4Stack: false
[DEBUG] 2023-05-29 16:47:30.934 [Forwarding newSession on session null to remote] NetUtil - -Djava.net.preferIPv6Addresses: false
[DEBUG] 2023-05-29 16:47:30.938 [Forwarding newSession on session null to remote] NetUtilInitializations - Loopback interface: lo (Software Loopback Interface 1, 127.0.0.1)
[DEBUG] 2023-05-29 16:47:30.939 [Forwarding newSession on session null to remote] NetUtil - Failed to get SOMAXCONN from sysctl and file \proc\sys\net\core\somaxconn. Default: 200
[DEBUG] 2023-05-29 16:47:30.951 [Forwarding newSession on session null to remote] DefaultChannelId - -Dio.netty.machineId: 00:d8:61:ff:fe:fd:bf:01 (auto-detected)
[DEBUG] 2023-05-29 16:47:30.974 [AsyncHttpClient-1-2] AbstractByteBuf - -Dio.netty.buffer.checkAccessible: true
[DEBUG] 2023-05-29 16:47:30.974 [AsyncHttpClient-1-2] AbstractByteBuf - -Dio.netty.buffer.checkBounds: true
[DEBUG] 2023-05-29 16:47:30.974 [AsyncHttpClient-1-2] ResourceLeakDetectorFactory - Loaded default ResourceLeakDetector: io.netty.util.ResourceLeakDetector@1ef76c41
[DEBUG] 2023-05-29 16:47:30.987 [AsyncHttpClient-1-2] Recycler - -Dio.netty.recycler.maxCapacityPerThread: 4096
[DEBUG] 2023-05-29 16:47:30.987 [AsyncHttpClient-1-2] Recycler - -Dio.netty.recycler.ratio: 8
[DEBUG] 2023-05-29 16:47:30.987 [AsyncHttpClient-1-2] Recycler - -Dio.netty.recycler.chunkSize: 32
[DEBUG] 2023-05-29 16:47:30.987 [AsyncHttpClient-1-2] Recycler - -Dio.netty.recycler.blocking: false
[DEBUG] 2023-05-29 16:47:30.987 [AsyncHttpClient-1-2] Recycler - -Dio.netty.recycler.batchFastThreadLocalOnly: true
[DEBUG] 2023-05-29 16:47:31.447 [AsyncHttpClient-1-2] Brotli - brotli4j not in the classpath; Brotli support will be unavailable.
[DEBUG] 2023-05-29 16:47:31.496 [main] ThreadLocalRandom - -Dio.netty.initialSeedUniquifier: 0x7efcfe791283d50c
[INFO ] 2023-05-29 16:47:31.517 [main] BaseTest - Chromedriver setup is complete
[DEBUG] 2023-05-29 16:52:22.180 [main] InternalLoggerFactory - Using Log4J2 as the default logging framework
[DEBUG] 2023-05-29 16:52:22.187 [main] ResourceLeakDetector - -Dio.netty.leakDetection.level: simple
[DEBUG] 2023-05-29 16:52:22.187 [main] ResourceLeakDetector - -Dio.netty.leakDetection.targetRecords: 4
[DEBUG] 2023-05-29 16:52:22.190 [main] ResourceLeakDetectorFactory - Loaded default ResourceLeakDetector: io.netty.util.ResourceLeakDetector@2ca47471
[DEBUG] 2023-05-29 16:52:22.201 [main] PlatformDependent0 - -Dio.netty.noUnsafe: false
[DEBUG] 2023-05-29 16:52:22.201 [main] PlatformDependent0 - Java version: 20
[DEBUG] 2023-05-29 16:52:22.201 [main] PlatformDependent0 - sun.misc.Unsafe.theUnsafe: available
[DEBUG] 2023-05-29 16:52:22.201 [main] PlatformDependent0 - sun.misc.Unsafe.copyMemory: available
[DEBUG] 2023-05-29 16:52:22.202 [main] PlatformDependent0 - sun.misc.Unsafe.storeFence: available
[DEBUG] 2023-05-29 16:52:22.202 [main] PlatformDependent0 - java.nio.Buffer.address: available
[DEBUG] 2023-05-29 16:52:22.202 [main] PlatformDependent0 - direct buffer constructor: unavailable: Reflective setAccessible(true) disabled
[DEBUG] 2023-05-29 16:52:22.203 [main] PlatformDependent0 - java.nio.Bits.unaligned: available, true
[DEBUG] 2023-05-29 16:52:22.203 [main] PlatformDependent0 - jdk.internal.misc.Unsafe.allocateUninitializedArray(int): unavailable: class io.netty.util.internal.PlatformDependent0$7 cannot access class jdk.internal.misc.Unsafe (in module java.base) because module java.base does not export jdk.internal.misc to unnamed module @21588809
[DEBUG] 2023-05-29 16:52:22.204 [main] PlatformDependent0 - java.nio.DirectByteBuffer.<init>(long, int): unavailable
[DEBUG] 2023-05-29 16:52:22.204 [main] PlatformDependent - sun.misc.Unsafe: available
[DEBUG] 2023-05-29 16:52:22.204 [main] PlatformDependent - maxDirectMemory: 4280287232 bytes (maybe)
[DEBUG] 2023-05-29 16:52:22.204 [main] PlatformDependent - -Dio.netty.tmpdir: C:\Users\imray\AppData\Local\Temp (java.io.tmpdir)
[DEBUG] 2023-05-29 16:52:22.204 [main] PlatformDependent - -Dio.netty.bitMode: 64 (sun.arch.data.model)
[DEBUG] 2023-05-29 16:52:22.204 [main] PlatformDependent - Platform: Windows
[DEBUG] 2023-05-29 16:52:22.205 [main] PlatformDependent - -Dio.netty.maxDirectMemory: -1 bytes
[DEBUG] 2023-05-29 16:52:22.205 [main] PlatformDependent - -Dio.netty.uninitializedArrayAllocationThreshold: -1
[DEBUG] 2023-05-29 16:52:22.205 [main] CleanerJava9 - java.nio.ByteBuffer.cleaner(): available
[DEBUG] 2023-05-29 16:52:22.206 [main] PlatformDependent - -Dio.netty.noPreferDirect: false
[DEBUG] 2023-05-29 16:52:22.210 [main] PlatformDependent - org.jctools-core.MpscChunkedArrayQueue: available
[DEBUG] 2023-05-29 16:52:22.219 [main] InternalThreadLocalMap - -Dio.netty.threadLocalMap.stringBuilder.initialSize: 1024
[DEBUG] 2023-05-29 16:52:22.219 [main] InternalThreadLocalMap - -Dio.netty.threadLocalMap.stringBuilder.maxSize: 4096
[DEBUG] 2023-05-29 16:52:22.302 [main] JdkSslContext - Default protocols (JDK): [TLSv1.3, TLSv1.2] 
[DEBUG] 2023-05-29 16:52:22.302 [main] JdkSslContext - Default cipher suites (JDK): [TLS_ECDHE_ECDSA_WITH_AES_256_GCM_SHA384, TLS_ECDHE_ECDSA_WITH_AES_128_GCM_SHA256, TLS_ECDHE_RSA_WITH_AES_128_GCM_SHA256, TLS_ECDHE_RSA_WITH_AES_256_GCM_SHA384, TLS_ECDHE_RSA_WITH_AES_128_CBC_SHA, TLS_ECDHE_RSA_WITH_AES_256_CBC_SHA, TLS_RSA_WITH_AES_128_GCM_SHA256, TLS_RSA_WITH_AES_128_CBC_SHA, TLS_RSA_WITH_AES_256_CBC_SHA, TLS_AES_128_GCM_SHA256, TLS_AES_256_GCM_SHA384]
[DEBUG] 2023-05-29 16:52:22.309 [main] GlobalEventExecutor - -Dio.netty.globalEventExecutor.quietPeriodSeconds: 1
[DEBUG] 2023-05-29 16:52:22.315 [main] MultithreadEventLoopGroup - -Dio.netty.eventLoopThreads: 32
[DEBUG] 2023-05-29 16:52:22.324 [main] NioEventLoop - -Dio.netty.noKeySetOptimization: false
[DEBUG] 2023-05-29 16:52:22.324 [main] NioEventLoop - -Dio.netty.selectorAutoRebuildThreshold: 512
[DEBUG] 2023-05-29 16:52:22.358 [main] PooledByteBufAllocator - -Dio.netty.allocator.numHeapArenas: 32
[DEBUG] 2023-05-29 16:52:22.358 [main] PooledByteBufAllocator - -Dio.netty.allocator.numDirectArenas: 32
[DEBUG] 2023-05-29 16:52:22.358 [main] PooledByteBufAllocator - -Dio.netty.allocator.pageSize: 8192
[DEBUG] 2023-05-29 16:52:22.358 [main] PooledByteBufAllocator - -Dio.netty.allocator.maxOrder: 9
[DEBUG] 2023-05-29 16:52:22.358 [main] PooledByteBufAllocator - -Dio.netty.allocator.chunkSize: 4194304
[DEBUG] 2023-05-29 16:52:22.358 [main] PooledByteBufAllocator - -Dio.netty.allocator.smallCacheSize: 256
[DEBUG] 2023-05-29 16:52:22.358 [main] PooledByteBufAllocator - -Dio.netty.allocator.normalCacheSize: 64
[DEBUG] 2023-05-29 16:52:22.358 [main] PooledByteBufAllocator - -Dio.netty.allocator.maxCachedBufferCapacity: 32768
[DEBUG] 2023-05-29 16:52:22.358 [main] PooledByteBufAllocator - -Dio.netty.allocator.cacheTrimInterval: 8192
[DEBUG] 2023-05-29 16:52:22.358 [main] PooledByteBufAllocator - -Dio.netty.allocator.cacheTrimIntervalMillis: 0
[DEBUG] 2023-05-29 16:52:22.358 [main] PooledByteBufAllocator - -Dio.netty.allocator.useCacheForAllThreads: false
[DEBUG] 2023-05-29 16:52:22.358 [main] PooledByteBufAllocator - -Dio.netty.allocator.maxCachedByteBuffersPerChunk: 1023
[DEBUG] 2023-05-29 16:52:22.366 [main] ByteBufUtil - -Dio.netty.allocator.type: pooled
[DEBUG] 2023-05-29 16:52:22.366 [main] ByteBufUtil - -Dio.netty.threadLocalDirectBufferSize: 0
[DEBUG] 2023-05-29 16:52:22.366 [main] ByteBufUtil - -Dio.netty.maxThreadLocalCharBufferSize: 16384
[DEBUG] 2023-05-29 16:52:22.529 [Forwarding newSession on session null to remote] DefaultChannelId - -Dio.netty.processId: 1940 (auto-detected)
[DEBUG] 2023-05-29 16:52:22.531 [Forwarding newSession on session null to remote] NetUtil - -Djava.net.preferIPv4Stack: false
[DEBUG] 2023-05-29 16:52:22.531 [Forwarding newSession on session null to remote] NetUtil - -Djava.net.preferIPv6Addresses: false
[DEBUG] 2023-05-29 16:52:22.536 [Forwarding newSession on session null to remote] NetUtilInitializations - Loopback interface: lo (Software Loopback Interface 1, 127.0.0.1)
[DEBUG] 2023-05-29 16:52:22.536 [Forwarding newSession on session null to remote] NetUtil - Failed to get SOMAXCONN from sysctl and file \proc\sys\net\core\somaxconn. Default: 200
[DEBUG] 2023-05-29 16:52:22.547 [Forwarding newSession on session null to remote] DefaultChannelId - -Dio.netty.machineId: 00:d8:61:ff:fe:fd:bf:01 (auto-detected)
[DEBUG] 2023-05-29 16:52:22.570 [AsyncHttpClient-1-2] AbstractByteBuf - -Dio.netty.buffer.checkAccessible: true
[DEBUG] 2023-05-29 16:52:22.570 [AsyncHttpClient-1-2] AbstractByteBuf - -Dio.netty.buffer.checkBounds: true
[DEBUG] 2023-05-29 16:52:22.570 [AsyncHttpClient-1-2] ResourceLeakDetectorFactory - Loaded default ResourceLeakDetector: io.netty.util.ResourceLeakDetector@5e7d3473
[DEBUG] 2023-05-29 16:52:22.583 [AsyncHttpClient-1-2] Recycler - -Dio.netty.recycler.maxCapacityPerThread: 4096
[DEBUG] 2023-05-29 16:52:22.583 [AsyncHttpClient-1-2] Recycler - -Dio.netty.recycler.ratio: 8
[DEBUG] 2023-05-29 16:52:22.583 [AsyncHttpClient-1-2] Recycler - -Dio.netty.recycler.chunkSize: 32
[DEBUG] 2023-05-29 16:52:22.583 [AsyncHttpClient-1-2] Recycler - -Dio.netty.recycler.blocking: false
[DEBUG] 2023-05-29 16:52:22.583 [AsyncHttpClient-1-2] Recycler - -Dio.netty.recycler.batchFastThreadLocalOnly: true
[DEBUG] 2023-05-29 16:52:23.041 [AsyncHttpClient-1-2] Brotli - brotli4j not in the classpath; Brotli support will be unavailable.
[DEBUG] 2023-05-29 16:52:23.090 [main] ThreadLocalRandom - -Dio.netty.initialSeedUniquifier: 0xee71bfb36cb81f1a
[INFO ] 2023-05-29 16:52:23.112 [main] BaseTest - Chromedriver setup is complete
[DEBUG] 2023-05-29 16:53:05.745 [main] InternalLoggerFactory - Using Log4J2 as the default logging framework
[DEBUG] 2023-05-29 16:53:05.752 [main] ResourceLeakDetector - -Dio.netty.leakDetection.level: simple
[DEBUG] 2023-05-29 16:53:05.752 [main] ResourceLeakDetector - -Dio.netty.leakDetection.targetRecords: 4
[DEBUG] 2023-05-29 16:53:05.755 [main] ResourceLeakDetectorFactory - Loaded default ResourceLeakDetector: io.netty.util.ResourceLeakDetector@2ca47471
[DEBUG] 2023-05-29 16:53:05.765 [main] PlatformDependent0 - -Dio.netty.noUnsafe: false
[DEBUG] 2023-05-29 16:53:05.765 [main] PlatformDependent0 - Java version: 20
[DEBUG] 2023-05-29 16:53:05.765 [main] PlatformDependent0 - sun.misc.Unsafe.theUnsafe: available
[DEBUG] 2023-05-29 16:53:05.766 [main] PlatformDependent0 - sun.misc.Unsafe.copyMemory: available
[DEBUG] 2023-05-29 16:53:05.766 [main] PlatformDependent0 - sun.misc.Unsafe.storeFence: available
[DEBUG] 2023-05-29 16:53:05.766 [main] PlatformDependent0 - java.nio.Buffer.address: available
[DEBUG] 2023-05-29 16:53:05.767 [main] PlatformDependent0 - direct buffer constructor: unavailable: Reflective setAccessible(true) disabled
[DEBUG] 2023-05-29 16:53:05.767 [main] PlatformDependent0 - java.nio.Bits.unaligned: available, true
[DEBUG] 2023-05-29 16:53:05.767 [main] PlatformDependent0 - jdk.internal.misc.Unsafe.allocateUninitializedArray(int): unavailable: class io.netty.util.internal.PlatformDependent0$7 cannot access class jdk.internal.misc.Unsafe (in module java.base) because module java.base does not export jdk.internal.misc to unnamed module @21588809
[DEBUG] 2023-05-29 16:53:05.768 [main] PlatformDependent0 - java.nio.DirectByteBuffer.<init>(long, int): unavailable
[DEBUG] 2023-05-29 16:53:05.768 [main] PlatformDependent - sun.misc.Unsafe: available
[DEBUG] 2023-05-29 16:53:05.768 [main] PlatformDependent - maxDirectMemory: 4280287232 bytes (maybe)
[DEBUG] 2023-05-29 16:53:05.768 [main] PlatformDependent - -Dio.netty.tmpdir: C:\Users\imray\AppData\Local\Temp (java.io.tmpdir)
[DEBUG] 2023-05-29 16:53:05.768 [main] PlatformDependent - -Dio.netty.bitMode: 64 (sun.arch.data.model)
[DEBUG] 2023-05-29 16:53:05.769 [main] PlatformDependent - Platform: Windows
[DEBUG] 2023-05-29 16:53:05.769 [main] PlatformDependent - -Dio.netty.maxDirectMemory: -1 bytes
[DEBUG] 2023-05-29 16:53:05.769 [main] PlatformDependent - -Dio.netty.uninitializedArrayAllocationThreshold: -1
[DEBUG] 2023-05-29 16:53:05.770 [main] CleanerJava9 - java.nio.ByteBuffer.cleaner(): available
[DEBUG] 2023-05-29 16:53:05.770 [main] PlatformDependent - -Dio.netty.noPreferDirect: false
[DEBUG] 2023-05-29 16:53:05.774 [main] PlatformDependent - org.jctools-core.MpscChunkedArrayQueue: available
[DEBUG] 2023-05-29 16:53:05.783 [main] InternalThreadLocalMap - -Dio.netty.threadLocalMap.stringBuilder.initialSize: 1024
[DEBUG] 2023-05-29 16:53:05.784 [main] InternalThreadLocalMap - -Dio.netty.threadLocalMap.stringBuilder.maxSize: 4096
[DEBUG] 2023-05-29 16:53:05.863 [main] JdkSslContext - Default protocols (JDK): [TLSv1.3, TLSv1.2] 
[DEBUG] 2023-05-29 16:53:05.863 [main] JdkSslContext - Default cipher suites (JDK): [TLS_ECDHE_ECDSA_WITH_AES_256_GCM_SHA384, TLS_ECDHE_ECDSA_WITH_AES_128_GCM_SHA256, TLS_ECDHE_RSA_WITH_AES_128_GCM_SHA256, TLS_ECDHE_RSA_WITH_AES_256_GCM_SHA384, TLS_ECDHE_RSA_WITH_AES_128_CBC_SHA, TLS_ECDHE_RSA_WITH_AES_256_CBC_SHA, TLS_RSA_WITH_AES_128_GCM_SHA256, TLS_RSA_WITH_AES_128_CBC_SHA, TLS_RSA_WITH_AES_256_CBC_SHA, TLS_AES_128_GCM_SHA256, TLS_AES_256_GCM_SHA384]
[DEBUG] 2023-05-29 16:53:05.870 [main] GlobalEventExecutor - -Dio.netty.globalEventExecutor.quietPeriodSeconds: 1
[DEBUG] 2023-05-29 16:53:05.879 [main] MultithreadEventLoopGroup - -Dio.netty.eventLoopThreads: 32
[DEBUG] 2023-05-29 16:53:05.886 [main] NioEventLoop - -Dio.netty.noKeySetOptimization: false
[DEBUG] 2023-05-29 16:53:05.886 [main] NioEventLoop - -Dio.netty.selectorAutoRebuildThreshold: 512
[DEBUG] 2023-05-29 16:53:05.920 [main] PooledByteBufAllocator - -Dio.netty.allocator.numHeapArenas: 32
[DEBUG] 2023-05-29 16:53:05.920 [main] PooledByteBufAllocator - -Dio.netty.allocator.numDirectArenas: 32
[DEBUG] 2023-05-29 16:53:05.920 [main] PooledByteBufAllocator - -Dio.netty.allocator.pageSize: 8192
[DEBUG] 2023-05-29 16:53:05.920 [main] PooledByteBufAllocator - -Dio.netty.allocator.maxOrder: 9
[DEBUG] 2023-05-29 16:53:05.920 [main] PooledByteBufAllocator - -Dio.netty.allocator.chunkSize: 4194304
[DEBUG] 2023-05-29 16:53:05.920 [main] PooledByteBufAllocator - -Dio.netty.allocator.smallCacheSize: 256
[DEBUG] 2023-05-29 16:53:05.920 [main] PooledByteBufAllocator - -Dio.netty.allocator.normalCacheSize: 64
[DEBUG] 2023-05-29 16:53:05.920 [main] PooledByteBufAllocator - -Dio.netty.allocator.maxCachedBufferCapacity: 32768
[DEBUG] 2023-05-29 16:53:05.920 [main] PooledByteBufAllocator - -Dio.netty.allocator.cacheTrimInterval: 8192
[DEBUG] 2023-05-29 16:53:05.920 [main] PooledByteBufAllocator - -Dio.netty.allocator.cacheTrimIntervalMillis: 0
[DEBUG] 2023-05-29 16:53:05.920 [main] PooledByteBufAllocator - -Dio.netty.allocator.useCacheForAllThreads: false
[DEBUG] 2023-05-29 16:53:05.920 [main] PooledByteBufAllocator - -Dio.netty.allocator.maxCachedByteBuffersPerChunk: 1023
[DEBUG] 2023-05-29 16:53:05.929 [main] ByteBufUtil - -Dio.netty.allocator.type: pooled
[DEBUG] 2023-05-29 16:53:05.929 [main] ByteBufUtil - -Dio.netty.threadLocalDirectBufferSize: 0
[DEBUG] 2023-05-29 16:53:05.929 [main] ByteBufUtil - -Dio.netty.maxThreadLocalCharBufferSize: 16384
[DEBUG] 2023-05-29 16:53:06.086 [Forwarding newSession on session null to remote] DefaultChannelId - -Dio.netty.processId: 28560 (auto-detected)
[DEBUG] 2023-05-29 16:53:06.087 [Forwarding newSession on session null to remote] NetUtil - -Djava.net.preferIPv4Stack: false
[DEBUG] 2023-05-29 16:53:06.087 [Forwarding newSession on session null to remote] NetUtil - -Djava.net.preferIPv6Addresses: false
[DEBUG] 2023-05-29 16:53:06.092 [Forwarding newSession on session null to remote] NetUtilInitializations - Loopback interface: lo (Software Loopback Interface 1, 127.0.0.1)
[DEBUG] 2023-05-29 16:53:06.093 [Forwarding newSession on session null to remote] NetUtil - Failed to get SOMAXCONN from sysctl and file \proc\sys\net\core\somaxconn. Default: 200
[DEBUG] 2023-05-29 16:53:06.103 [Forwarding newSession on session null to remote] DefaultChannelId - -Dio.netty.machineId: 00:d8:61:ff:fe:fd:bf:01 (auto-detected)
[DEBUG] 2023-05-29 16:53:06.126 [AsyncHttpClient-1-2] AbstractByteBuf - -Dio.netty.buffer.checkAccessible: true
[DEBUG] 2023-05-29 16:53:06.127 [AsyncHttpClient-1-2] AbstractByteBuf - -Dio.netty.buffer.checkBounds: true
[DEBUG] 2023-05-29 16:53:06.127 [AsyncHttpClient-1-2] ResourceLeakDetectorFactory - Loaded default ResourceLeakDetector: io.netty.util.ResourceLeakDetector@5e7d3473
[DEBUG] 2023-05-29 16:53:06.139 [AsyncHttpClient-1-2] Recycler - -Dio.netty.recycler.maxCapacityPerThread: 4096
[DEBUG] 2023-05-29 16:53:06.139 [AsyncHttpClient-1-2] Recycler - -Dio.netty.recycler.ratio: 8
[DEBUG] 2023-05-29 16:53:06.139 [AsyncHttpClient-1-2] Recycler - -Dio.netty.recycler.chunkSize: 32
[DEBUG] 2023-05-29 16:53:06.139 [AsyncHttpClient-1-2] Recycler - -Dio.netty.recycler.blocking: false
[DEBUG] 2023-05-29 16:53:06.139 [AsyncHttpClient-1-2] Recycler - -Dio.netty.recycler.batchFastThreadLocalOnly: true
[DEBUG] 2023-05-29 16:53:06.605 [AsyncHttpClient-1-2] Brotli - brotli4j not in the classpath; Brotli support will be unavailable.
[DEBUG] 2023-05-29 16:53:06.656 [main] ThreadLocalRandom - -Dio.netty.initialSeedUniquifier: 0x71ed2816e01c20a6
[INFO ] 2023-05-29 16:53:06.678 [main] BaseTest - Chromedriver setup is complete
[DEBUG] 2023-05-29 16:55:36.719 [main] InternalLoggerFactory - Using Log4J2 as the default logging framework
[DEBUG] 2023-05-29 16:55:36.728 [main] ResourceLeakDetector - -Dio.netty.leakDetection.level: simple
[DEBUG] 2023-05-29 16:55:36.728 [main] ResourceLeakDetector - -Dio.netty.leakDetection.targetRecords: 4
[DEBUG] 2023-05-29 16:55:36.731 [main] ResourceLeakDetectorFactory - Loaded default ResourceLeakDetector: io.netty.util.ResourceLeakDetector@2ca47471
[DEBUG] 2023-05-29 16:55:36.740 [main] PlatformDependent0 - -Dio.netty.noUnsafe: false
[DEBUG] 2023-05-29 16:55:36.740 [main] PlatformDependent0 - Java version: 20
[DEBUG] 2023-05-29 16:55:36.741 [main] PlatformDependent0 - sun.misc.Unsafe.theUnsafe: available
[DEBUG] 2023-05-29 16:55:36.741 [main] PlatformDependent0 - sun.misc.Unsafe.copyMemory: available
[DEBUG] 2023-05-29 16:55:36.741 [main] PlatformDependent0 - sun.misc.Unsafe.storeFence: available
[DEBUG] 2023-05-29 16:55:36.742 [main] PlatformDependent0 - java.nio.Buffer.address: available
[DEBUG] 2023-05-29 16:55:36.742 [main] PlatformDependent0 - direct buffer constructor: unavailable: Reflective setAccessible(true) disabled
[DEBUG] 2023-05-29 16:55:36.742 [main] PlatformDependent0 - java.nio.Bits.unaligned: available, true
[DEBUG] 2023-05-29 16:55:36.743 [main] PlatformDependent0 - jdk.internal.misc.Unsafe.allocateUninitializedArray(int): unavailable: class io.netty.util.internal.PlatformDependent0$7 cannot access class jdk.internal.misc.Unsafe (in module java.base) because module java.base does not export jdk.internal.misc to unnamed module @21588809
[DEBUG] 2023-05-29 16:55:36.743 [main] PlatformDependent0 - java.nio.DirectByteBuffer.<init>(long, int): unavailable
[DEBUG] 2023-05-29 16:55:36.743 [main] PlatformDependent - sun.misc.Unsafe: available
[DEBUG] 2023-05-29 16:55:36.744 [main] PlatformDependent - maxDirectMemory: 4280287232 bytes (maybe)
[DEBUG] 2023-05-29 16:55:36.744 [main] PlatformDependent - -Dio.netty.tmpdir: C:\Users\imray\AppData\Local\Temp (java.io.tmpdir)
[DEBUG] 2023-05-29 16:55:36.744 [main] PlatformDependent - -Dio.netty.bitMode: 64 (sun.arch.data.model)
[DEBUG] 2023-05-29 16:55:36.744 [main] PlatformDependent - Platform: Windows
[DEBUG] 2023-05-29 16:55:36.744 [main] PlatformDependent - -Dio.netty.maxDirectMemory: -1 bytes
[DEBUG] 2023-05-29 16:55:36.744 [main] PlatformDependent - -Dio.netty.uninitializedArrayAllocationThreshold: -1
[DEBUG] 2023-05-29 16:55:36.745 [main] CleanerJava9 - java.nio.ByteBuffer.cleaner(): available
[DEBUG] 2023-05-29 16:55:36.745 [main] PlatformDependent - -Dio.netty.noPreferDirect: false
[DEBUG] 2023-05-29 16:55:36.749 [main] PlatformDependent - org.jctools-core.MpscChunkedArrayQueue: available
[DEBUG] 2023-05-29 16:55:36.760 [main] InternalThreadLocalMap - -Dio.netty.threadLocalMap.stringBuilder.initialSize: 1024
[DEBUG] 2023-05-29 16:55:36.760 [main] InternalThreadLocalMap - -Dio.netty.threadLocalMap.stringBuilder.maxSize: 4096
[DEBUG] 2023-05-29 16:55:36.835 [main] JdkSslContext - Default protocols (JDK): [TLSv1.3, TLSv1.2] 
[DEBUG] 2023-05-29 16:55:36.835 [main] JdkSslContext - Default cipher suites (JDK): [TLS_ECDHE_ECDSA_WITH_AES_256_GCM_SHA384, TLS_ECDHE_ECDSA_WITH_AES_128_GCM_SHA256, TLS_ECDHE_RSA_WITH_AES_128_GCM_SHA256, TLS_ECDHE_RSA_WITH_AES_256_GCM_SHA384, TLS_ECDHE_RSA_WITH_AES_128_CBC_SHA, TLS_ECDHE_RSA_WITH_AES_256_CBC_SHA, TLS_RSA_WITH_AES_128_GCM_SHA256, TLS_RSA_WITH_AES_128_CBC_SHA, TLS_RSA_WITH_AES_256_CBC_SHA, TLS_AES_128_GCM_SHA256, TLS_AES_256_GCM_SHA384]
[DEBUG] 2023-05-29 16:55:36.843 [main] GlobalEventExecutor - -Dio.netty.globalEventExecutor.quietPeriodSeconds: 1
[DEBUG] 2023-05-29 16:55:36.849 [main] MultithreadEventLoopGroup - -Dio.netty.eventLoopThreads: 32
[DEBUG] 2023-05-29 16:55:36.859 [main] NioEventLoop - -Dio.netty.noKeySetOptimization: false
[DEBUG] 2023-05-29 16:55:36.859 [main] NioEventLoop - -Dio.netty.selectorAutoRebuildThreshold: 512
[DEBUG] 2023-05-29 16:55:36.898 [main] PooledByteBufAllocator - -Dio.netty.allocator.numHeapArenas: 32
[DEBUG] 2023-05-29 16:55:36.898 [main] PooledByteBufAllocator - -Dio.netty.allocator.numDirectArenas: 32
[DEBUG] 2023-05-29 16:55:36.898 [main] PooledByteBufAllocator - -Dio.netty.allocator.pageSize: 8192
[DEBUG] 2023-05-29 16:55:36.898 [main] PooledByteBufAllocator - -Dio.netty.allocator.maxOrder: 9
[DEBUG] 2023-05-29 16:55:36.898 [main] PooledByteBufAllocator - -Dio.netty.allocator.chunkSize: 4194304
[DEBUG] 2023-05-29 16:55:36.898 [main] PooledByteBufAllocator - -Dio.netty.allocator.smallCacheSize: 256
[DEBUG] 2023-05-29 16:55:36.898 [main] PooledByteBufAllocator - -Dio.netty.allocator.normalCacheSize: 64
[DEBUG] 2023-05-29 16:55:36.898 [main] PooledByteBufAllocator - -Dio.netty.allocator.maxCachedBufferCapacity: 32768
[DEBUG] 2023-05-29 16:55:36.898 [main] PooledByteBufAllocator - -Dio.netty.allocator.cacheTrimInterval: 8192
[DEBUG] 2023-05-29 16:55:36.898 [main] PooledByteBufAllocator - -Dio.netty.allocator.cacheTrimIntervalMillis: 0
[DEBUG] 2023-05-29 16:55:36.898 [main] PooledByteBufAllocator - -Dio.netty.allocator.useCacheForAllThreads: false
[DEBUG] 2023-05-29 16:55:36.898 [main] PooledByteBufAllocator - -Dio.netty.allocator.maxCachedByteBuffersPerChunk: 1023
[DEBUG] 2023-05-29 16:55:36.906 [main] ByteBufUtil - -Dio.netty.allocator.type: pooled
[DEBUG] 2023-05-29 16:55:36.906 [main] ByteBufUtil - -Dio.netty.threadLocalDirectBufferSize: 0
[DEBUG] 2023-05-29 16:55:36.906 [main] ByteBufUtil - -Dio.netty.maxThreadLocalCharBufferSize: 16384
[DEBUG] 2023-05-29 16:55:37.076 [Forwarding newSession on session null to remote] DefaultChannelId - -Dio.netty.processId: 28036 (auto-detected)
[DEBUG] 2023-05-29 16:55:37.077 [Forwarding newSession on session null to remote] NetUtil - -Djava.net.preferIPv4Stack: false
[DEBUG] 2023-05-29 16:55:37.077 [Forwarding newSession on session null to remote] NetUtil - -Djava.net.preferIPv6Addresses: false
[DEBUG] 2023-05-29 16:55:37.083 [Forwarding newSession on session null to remote] NetUtilInitializations - Loopback interface: lo (Software Loopback Interface 1, 127.0.0.1)
[DEBUG] 2023-05-29 16:55:37.084 [Forwarding newSession on session null to remote] NetUtil - Failed to get SOMAXCONN from sysctl and file \proc\sys\net\core\somaxconn. Default: 200
[DEBUG] 2023-05-29 16:55:37.096 [Forwarding newSession on session null to remote] DefaultChannelId - -Dio.netty.machineId: 00:d8:61:ff:fe:fd:bf:01 (auto-detected)
[DEBUG] 2023-05-29 16:55:37.122 [AsyncHttpClient-1-2] AbstractByteBuf - -Dio.netty.buffer.checkAccessible: true
[DEBUG] 2023-05-29 16:55:37.122 [AsyncHttpClient-1-2] AbstractByteBuf - -Dio.netty.buffer.checkBounds: true
[DEBUG] 2023-05-29 16:55:37.122 [AsyncHttpClient-1-2] ResourceLeakDetectorFactory - Loaded default ResourceLeakDetector: io.netty.util.ResourceLeakDetector@6b084a0e
[DEBUG] 2023-05-29 16:55:37.137 [AsyncHttpClient-1-2] Recycler - -Dio.netty.recycler.maxCapacityPerThread: 4096
[DEBUG] 2023-05-29 16:55:37.138 [AsyncHttpClient-1-2] Recycler - -Dio.netty.recycler.ratio: 8
[DEBUG] 2023-05-29 16:55:37.138 [AsyncHttpClient-1-2] Recycler - -Dio.netty.recycler.chunkSize: 32
[DEBUG] 2023-05-29 16:55:37.138 [AsyncHttpClient-1-2] Recycler - -Dio.netty.recycler.blocking: false
[DEBUG] 2023-05-29 16:55:37.138 [AsyncHttpClient-1-2] Recycler - -Dio.netty.recycler.batchFastThreadLocalOnly: true
[DEBUG] 2023-05-29 16:55:37.604 [AsyncHttpClient-1-2] Brotli - brotli4j not in the classpath; Brotli support will be unavailable.
[DEBUG] 2023-05-29 16:55:37.659 [main] ThreadLocalRandom - -Dio.netty.initialSeedUniquifier: 0x05d4fa43e1dbc89a
[INFO ] 2023-05-29 16:55:37.681 [main] BaseTest - Chromedriver setup is complete
